<?xml version="1.0" encoding="UTF-8"?>
<!-- Generated by org.testng.reporters.JUnitReportReporter -->
<testsuite hostname="DKV1518" name="example.NewTest" tests="1" failures="0" timestamp="14 May 2015 07:28:01 GMT" time="8.030" errors="0">
  <testcase name="testEasy" time="8.030" classname="example.NewTest"/>
</testsuite> <!-- example.NewTest -->
